Loading corpus...
Train dataset loaded.
Dev dataset loaded.
Test dataset loaded.

 -------------------- Training BERT_BiLSTM_CRF model on device: cpu --------------------
Epoch [1/30]
0.10787812242657151
Iter:      1,  Train Loss: 2.7e+02,  Train Acc: 10.79%,  Dev Loss: 2.5e+02,  Dev Acc: 10.25%,  Time: 0:04:44 *
0.11778290993071594
Iter:      2,  Train Loss: 2.4e+02,  Train Acc: 11.78%,  Dev Loss: 2.3e+02,  Dev Acc: 37.17%,  Time: 0:08:16 *
0.2898979043524987
Iter:      3,  Train Loss: 2.5e+02,  Train Acc: 28.99%,  Dev Loss: 2e+02,  Dev Acc: 77.02%,  Time: 0:11:41 *
0.6577340569877883
Iter:      4,  Train Loss: 2.2e+02,  Train Acc: 65.77%,  Dev Loss: 1.6e+02,  Dev Acc: 78.34%,  Time: 0:14:18 *
Epoch [2/30]
0.7692307692307693
Iter:      5,  Train Loss: 1.7e+02,  Train Acc: 76.92%,  Dev Loss: 1.3e+02,  Dev Acc: 78.35%,  Time: 0:17:21 *
0.8016517157909725
Iter:      6,  Train Loss: 1.3e+02,  Train Acc: 80.17%,  Dev Loss: 1.1e+02,  Dev Acc: 78.35%,  Time: 0:20:50 *
0.7913559790113228
Iter:      7,  Train Loss: 1.1e+02,  Train Acc: 79.14%,  Dev Loss: 9.7e+01,  Dev Acc: 78.35%,  Time: 0:24:22 *
0.7867078825347759
Iter:      8,  Train Loss: 1.1e+02,  Train Acc: 78.67%,  Dev Loss: 9.1e+01,  Dev Acc: 78.35%,  Time: 0:27:23 *
Epoch [3/30]
0.8019680196801968
Iter:      9,  Train Loss: 9.7e+01,  Train Acc: 80.20%,  Dev Loss: 8.9e+01,  Dev Acc: 78.35%,  Time: 0:30:50 *
0.7924315165207568
Iter:     10,  Train Loss: 9.3e+01,  Train Acc: 79.24%,  Dev Loss: 8.6e+01,  Dev Acc: 78.35%,  Time: 0:34:39 *
0.7733818181818182
Iter:     11,  Train Loss: 9.2e+01,  Train Acc: 77.34%,  Dev Loss: 7.6e+01,  Dev Acc: 78.35%,  Time: 0:38:44 *
0.7857020694373182
Iter:     12,  Train Loss: 8.5e+01,  Train Acc: 78.57%,  Dev Loss: 6.5e+01,  Dev Acc: 85.63%,  Time: 0:41:52 *
Epoch [4/30]
0.8259295362762846
Iter:     13,  Train Loss: 7.2e+01,  Train Acc: 82.59%,  Dev Loss: 5.8e+01,  Dev Acc: 87.73%,  Time: 0:45:52 *
0.8727518593644354
Iter:     14,  Train Loss: 6.6e+01,  Train Acc: 87.28%,  Dev Loss: 5.3e+01,  Dev Acc: 88.35%,  Time: 0:49:41 *
0.871202575948481
Iter:     15,  Train Loss: 6e+01,  Train Acc: 87.12%,  Dev Loss: 4.9e+01,  Dev Acc: 88.47%,  Time: 0:54:00 *
0.8731951129211403
Iter:     16,  Train Loss: 5.4e+01,  Train Acc: 87.32%,  Dev Loss: 4.6e+01,  Dev Acc: 89.63%,  Time: 0:57:10 *
Epoch [5/30]
0.8916516182803167
Iter:     17,  Train Loss: 5e+01,  Train Acc: 89.17%,  Dev Loss: 4.5e+01,  Dev Acc: 89.83%,  Time: 1:00:54 *
0.8960929841758857
Iter:     18,  Train Loss: 4.6e+01,  Train Acc: 89.61%,  Dev Loss: 4.5e+01,  Dev Acc: 89.72%,  Time: 1:04:03 
0.8834505137912385
Iter:     19,  Train Loss: 5.1e+01,  Train Acc: 88.35%,  Dev Loss: 4.2e+01,  Dev Acc: 90.68%,  Time: 1:07:51 *
0.901949860724234
Iter:     20,  Train Loss: 4.4e+01,  Train Acc: 90.19%,  Dev Loss: 4.1e+01,  Dev Acc: 90.73%,  Time: 1:10:35 *
Epoch [6/30]
0.9124449339207048
Iter:     21,  Train Loss: 4.4e+01,  Train Acc: 91.24%,  Dev Loss: 4e+01,  Dev Acc: 91.14%,  Time: 1:14:03 *
0.9165522920669777
Iter:     22,  Train Loss: 4.2e+01,  Train Acc: 91.66%,  Dev Loss: 3.9e+01,  Dev Acc: 91.74%,  Time: 1:17:20 *
0.9264964788732394
Iter:     23,  Train Loss: 3.5e+01,  Train Acc: 92.65%,  Dev Loss: 3.8e+01,  Dev Acc: 91.69%,  Time: 1:20:27 *
0.9301476976542137
Iter:     24,  Train Loss: 3.5e+01,  Train Acc: 93.01%,  Dev Loss: 3.7e+01,  Dev Acc: 91.94%,  Time: 1:23:32 *
Epoch [7/30]
0.9346726800601339
Iter:     25,  Train Loss: 3.5e+01,  Train Acc: 93.47%,  Dev Loss: 3.9e+01,  Dev Acc: 91.60%,  Time: 1:26:54 
0.9233295259851514
Iter:     26,  Train Loss: 3.5e+01,  Train Acc: 92.33%,  Dev Loss: 3.8e+01,  Dev Acc: 91.63%,  Time: 1:29:55 
0.926299778761062
Iter:     27,  Train Loss: 3.7e+01,  Train Acc: 92.63%,  Dev Loss: 3.6e+01,  Dev Acc: 92.11%,  Time: 1:33:04 *
0.9412715517241379
Iter:     28,  Train Loss: 3e+01,  Train Acc: 94.13%,  Dev Loss: 3.6e+01,  Dev Acc: 91.85%,  Time: 1:35:27 *
Epoch [8/30]
0.9348406122735571
Iter:     29,  Train Loss: 3.2e+01,  Train Acc: 93.48%,  Dev Loss: 3.5e+01,  Dev Acc: 92.07%,  Time: 1:38:51 *
0.9374001452432825
Iter:     30,  Train Loss: 3e+01,  Train Acc: 93.74%,  Dev Loss: 3.3e+01,  Dev Acc: 92.61%,  Time: 1:42:37 *
0.9396000544143653
Iter:     31,  Train Loss: 3e+01,  Train Acc: 93.96%,  Dev Loss: 3.4e+01,  Dev Acc: 92.59%,  Time: 1:46:01 
0.9318181818181818
Iter:     32,  Train Loss: 3.4e+01,  Train Acc: 93.18%,  Dev Loss: 3.3e+01,  Dev Acc: 93.22%,  Time: 1:48:29 
Epoch [9/30]
0.9491571878854324
Iter:     33,  Train Loss: 3e+01,  Train Acc: 94.92%,  Dev Loss: 3.3e+01,  Dev Acc: 93.21%,  Time: 1:51:59 *
0.9443887057474559
Iter:     34,  Train Loss: 2.8e+01,  Train Acc: 94.44%,  Dev Loss: 3.3e+01,  Dev Acc: 93.43%,  Time: 1:55:16 *
0.9532040472175379
Iter:     35,  Train Loss: 2.6e+01,  Train Acc: 95.32%,  Dev Loss: 3.2e+01,  Dev Acc: 93.84%,  Time: 1:59:18 *
0.960216367126156
Iter:     36,  Train Loss: 2.4e+01,  Train Acc: 96.02%,  Dev Loss: 3.2e+01,  Dev Acc: 94.07%,  Time: 2:01:54 *
Epoch [10/30]
0.960974922513384
Iter:     37,  Train Loss: 2.3e+01,  Train Acc: 96.10%,  Dev Loss: 3.1e+01,  Dev Acc: 94.20%,  Time: 2:05:18 *
0.9561128526645768
Iter:     38,  Train Loss: 2.6e+01,  Train Acc: 95.61%,  Dev Loss: 3e+01,  Dev Acc: 94.30%,  Time: 2:08:48 *
0.9634851261807416
Iter:     39,  Train Loss: 2.2e+01,  Train Acc: 96.35%,  Dev Loss: 2.9e+01,  Dev Acc: 94.32%,  Time: 2:12:16 *
0.9627875507442489
Iter:     40,  Train Loss: 2.4e+01,  Train Acc: 96.28%,  Dev Loss: 2.9e+01,  Dev Acc: 94.23%,  Time: 2:14:38 *
Epoch [11/30]
0.9616320687186829
Iter:     41,  Train Loss: 2.4e+01,  Train Acc: 96.16%,  Dev Loss: 2.9e+01,  Dev Acc: 94.20%,  Time: 2:19:02 *
0.9663091309130913
Iter:     42,  Train Loss: 2.1e+01,  Train Acc: 96.63%,  Dev Loss: 3e+01,  Dev Acc: 94.15%,  Time: 2:22:17 
0.963509635096351
Iter:     43,  Train Loss: 2.3e+01,  Train Acc: 96.35%,  Dev Loss: 3e+01,  Dev Acc: 94.20%,  Time: 2:25:29 
0.9630430863529836
Iter:     44,  Train Loss: 2.2e+01,  Train Acc: 96.30%,  Dev Loss: 2.9e+01,  Dev Acc: 94.19%,  Time: 2:28:08 
Epoch [12/30]
0.9621871599564744
Iter:     45,  Train Loss: 2.3e+01,  Train Acc: 96.22%,  Dev Loss: 2.8e+01,  Dev Acc: 94.24%,  Time: 2:31:37 *
0.96415770609319
Iter:     46,  Train Loss: 2e+01,  Train Acc: 96.42%,  Dev Loss: 2.8e+01,  Dev Acc: 94.34%,  Time: 2:35:08 *
0.9711282410651717
Iter:     47,  Train Loss: 1.9e+01,  Train Acc: 97.11%,  Dev Loss: 2.8e+01,  Dev Acc: 94.49%,  Time: 2:38:18 *
0.9717076456719435
Iter:     48,  Train Loss: 1.8e+01,  Train Acc: 97.17%,  Dev Loss: 2.8e+01,  Dev Acc: 94.54%,  Time: 2:40:53 
Epoch [13/30]
0.9700686231566652
Iter:     49,  Train Loss: 1.9e+01,  Train Acc: 97.01%,  Dev Loss: 2.7e+01,  Dev Acc: 94.61%,  Time: 2:44:28 *
0.9713865490038776
Iter:     50,  Train Loss: 1.8e+01,  Train Acc: 97.14%,  Dev Loss: 2.6e+01,  Dev Acc: 94.70%,  Time: 2:48:16 *
0.9662505144738647
Iter:     51,  Train Loss: 1.9e+01,  Train Acc: 96.63%,  Dev Loss: 2.7e+01,  Dev Acc: 94.77%,  Time: 2:51:52 
0.9758357558139535
Iter:     52,  Train Loss: 1.5e+01,  Train Acc: 97.58%,  Dev Loss: 2.5e+01,  Dev Acc: 94.77%,  Time: 2:54:30 *
Epoch [14/30]
0.9729190421892816
Iter:     53,  Train Loss: 1.5e+01,  Train Acc: 97.29%,  Dev Loss: 2.6e+01,  Dev Acc: 94.75%,  Time: 2:57:45 
0.970288502942443
Iter:     54,  Train Loss: 1.6e+01,  Train Acc: 97.03%,  Dev Loss: 2.5e+01,  Dev Acc: 94.82%,  Time: 3:00:56 *
0.9718019257221459
Iter:     55,  Train Loss: 1.7e+01,  Train Acc: 97.18%,  Dev Loss: 2.4e+01,  Dev Acc: 94.84%,  Time: 3:04:34 *
0.972733469665985
Iter:     56,  Train Loss: 1.5e+01,  Train Acc: 97.27%,  Dev Loss: 2.4e+01,  Dev Acc: 94.92%,  Time: 3:07:47 *
Epoch [15/30]
0.9713011981053218
Iter:     57,  Train Loss: 1.5e+01,  Train Acc: 97.13%,  Dev Loss: 2.3e+01,  Dev Acc: 94.88%,  Time: 3:11:34 *
0.9728625620075868
Iter:     58,  Train Loss: 1.3e+01,  Train Acc: 97.29%,  Dev Loss: 2.3e+01,  Dev Acc: 94.84%,  Time: 3:15:18 *
0.9761772853185595
Iter:     59,  Train Loss: 1.5e+01,  Train Acc: 97.62%,  Dev Loss: 2.3e+01,  Dev Acc: 94.84%,  Time: 3:18:53 *
0.9778497188618164
Iter:     60,  Train Loss: 1.3e+01,  Train Acc: 97.78%,  Dev Loss: 2.3e+01,  Dev Acc: 94.82%,  Time: 3:21:32 *
Epoch [16/30]
0.9752818144777944
Iter:     61,  Train Loss: 1.4e+01,  Train Acc: 97.53%,  Dev Loss: 2.4e+01,  Dev Acc: 94.72%,  Time: 3:24:37 
0.9746335963923337
Iter:     62,  Train Loss: 1.3e+01,  Train Acc: 97.46%,  Dev Loss: 2.4e+01,  Dev Acc: 94.81%,  Time: 3:27:35 
0.9797316186748672
Iter:     63,  Train Loss: 1.1e+01,  Train Acc: 97.97%,  Dev Loss: 2.3e+01,  Dev Acc: 94.87%,  Time: 3:30:14 
0.9776688453159041
Iter:     64,  Train Loss: 1.1e+01,  Train Acc: 97.77%,  Dev Loss: 2.3e+01,  Dev Acc: 95.13%,  Time: 3:32:20 
Epoch [17/30]
0.9810313334270058
Iter:     65,  Train Loss:   9.9,  Train Acc: 98.10%,  Dev Loss: 2.3e+01,  Dev Acc: 95.36%,  Time: 3:35:06 *
0.9822925114895917
Iter:     66,  Train Loss: 1.1e+01,  Train Acc: 98.23%,  Dev Loss: 2.2e+01,  Dev Acc: 95.52%,  Time: 3:38:29 *
0.9789443733105705
Iter:     67,  Train Loss: 1.2e+01,  Train Acc: 97.89%,  Dev Loss: 2.2e+01,  Dev Acc: 95.64%,  Time: 3:41:29 *
0.9833243679397525
Iter:     68,  Train Loss: 1e+01,  Train Acc: 98.33%,  Dev Loss: 2.2e+01,  Dev Acc: 95.76%,  Time: 3:44:32 *
Epoch [18/30]
0.9846460051179983
Iter:     69,  Train Loss:   9.7,  Train Acc: 98.46%,  Dev Loss: 2.2e+01,  Dev Acc: 95.82%,  Time: 3:47:27 *
0.9842046407604138
Iter:     70,  Train Loss:   9.8,  Train Acc: 98.42%,  Dev Loss: 2.1e+01,  Dev Acc: 95.76%,  Time: 3:51:13 *
0.9793605827600161
Iter:     71,  Train Loss: 1.1e+01,  Train Acc: 97.94%,  Dev Loss: 2.1e+01,  Dev Acc: 95.88%,  Time: 3:54:13 *
0.9864130434782609
Iter:     72,  Train Loss:   8.8,  Train Acc: 98.64%,  Dev Loss: 2.1e+01,  Dev Acc: 95.90%,  Time: 3:56:27 *
Epoch [19/30]
0.9876203576341128
Iter:     73,  Train Loss:   8.9,  Train Acc: 98.76%,  Dev Loss: 2.1e+01,  Dev Acc: 95.86%,  Time: 3:58:59 
0.9822197527434365
Iter:     74,  Train Loss: 1.1e+01,  Train Acc: 98.22%,  Dev Loss: 2.1e+01,  Dev Acc: 95.89%,  Time: 4:01:55 *
0.9866925422789021
Iter:     75,  Train Loss:   8.5,  Train Acc: 98.67%,  Dev Loss: 2.1e+01,  Dev Acc: 95.85%,  Time: 4:05:12 *
0.9882309672673777
Iter:     76,  Train Loss:   7.6,  Train Acc: 98.82%,  Dev Loss: 2.1e+01,  Dev Acc: 95.56%,  Time: 4:07:44 
Epoch [20/30]
0.9866183440200725
Iter:     77,  Train Loss:   9.2,  Train Acc: 98.66%,  Dev Loss: 2.1e+01,  Dev Acc: 95.56%,  Time: 4:11:03 
0.9858321870701513
Iter:     78,  Train Loss:   8.6,  Train Acc: 98.58%,  Dev Loss: 2.1e+01,  Dev Acc: 95.79%,  Time: 4:14:26 
0.9889910813823858
Iter:     79,  Train Loss:   8.1,  Train Acc: 98.90%,  Dev Loss: 2.1e+01,  Dev Acc: 95.59%,  Time: 4:17:03 
0.9883657516815124
Iter:     80,  Train Loss:   8.2,  Train Acc: 98.84%,  Dev Loss: 2.1e+01,  Dev Acc: 95.59%,  Time: 4:19:26 
Epoch [21/30]
0.9866647340194231
Iter:     81,  Train Loss:   9.1,  Train Acc: 98.67%,  Dev Loss: 2.1e+01,  Dev Acc: 95.67%,  Time: 4:22:40 
0.9917414210451374
Iter:     82,  Train Loss:   7.4,  Train Acc: 99.17%,  Dev Loss: 2.1e+01,  Dev Acc: 95.71%,  Time: 4:26:32 
0.9874551971326165
Iter:     83,  Train Loss:   8.7,  Train Acc: 98.75%,  Dev Loss: 2.1e+01,  Dev Acc: 95.84%,  Time: 4:29:38 
0.9912531539108494
Iter:     84,  Train Loss:   6.6,  Train Acc: 99.13%,  Dev Loss: 2.1e+01,  Dev Acc: 95.75%,  Time: 4:32:04 
Epoch [22/30]
0.9881001798810018
Iter:     85,  Train Loss:   8.5,  Train Acc: 98.81%,  Dev Loss: 2.1e+01,  Dev Acc: 95.87%,  Time: 4:34:50 
0.9893736017897091
Iter:     86,  Train Loss:   7.0,  Train Acc: 98.94%,  Dev Loss: 2.1e+01,  Dev Acc: 95.92%,  Time: 4:37:51 *
0.9897770836291353
Iter:     87,  Train Loss:   8.3,  Train Acc: 98.98%,  Dev Loss: 2.1e+01,  Dev Acc: 95.83%,  Time: 4:40:40 *
0.9936831022986489
Iter:     88,  Train Loss:   6.0,  Train Acc: 99.37%,  Dev Loss: 2.1e+01,  Dev Acc: 95.80%,  Time: 4:42:47 
Epoch [23/30]
0.9896285914505957
Iter:     89,  Train Loss:   7.5,  Train Acc: 98.96%,  Dev Loss: 2.1e+01,  Dev Acc: 95.79%,  Time: 4:46:01 
0.9915445321307779
Iter:     90,  Train Loss:   7.5,  Train Acc: 99.15%,  Dev Loss: 2.1e+01,  Dev Acc: 95.90%,  Time: 4:49:07 
0.9918768704574604
Iter:     91,  Train Loss:   7.0,  Train Acc: 99.19%,  Dev Loss: 2.1e+01,  Dev Acc: 95.89%,  Time: 4:52:18 
0.9943810658947727
Iter:     92,  Train Loss:   6.0,  Train Acc: 99.44%,  Dev Loss: 2.1e+01,  Dev Acc: 95.89%,  Time: 4:55:10 
Epoch [24/30]
0.9937690390473553
Iter:     93,  Train Loss:   6.3,  Train Acc: 99.38%,  Dev Loss: 2.1e+01,  Dev Acc: 95.91%,  Time: 4:58:29 
0.991845196959226
Iter:     94,  Train Loss:   7.2,  Train Acc: 99.18%,  Dev Loss: 2.1e+01,  Dev Acc: 95.93%,  Time: 5:00:59 
0.9932964150393472
Iter:     95,  Train Loss:   6.5,  Train Acc: 99.33%,  Dev Loss: 2.1e+01,  Dev Acc: 95.90%,  Time: 5:03:40 
0.9917269906928645
Iter:     96,  Train Loss:   7.1,  Train Acc: 99.17%,  Dev Loss: 2.1e+01,  Dev Acc: 95.91%,  Time: 5:05:53 
Epoch [25/30]
0.9911718638758366
Iter:     97,  Train Loss:   7.9,  Train Acc: 99.12%,  Dev Loss: 2.1e+01,  Dev Acc: 95.94%,  Time: 5:09:10 
0.993060374739764
Iter:     98,  Train Loss:   6.4,  Train Acc: 99.31%,  Dev Loss: 2.1e+01,  Dev Acc: 95.97%,  Time: 5:12:37 *
0.9923812162349356
Iter:     99,  Train Loss:   6.3,  Train Acc: 99.24%,  Dev Loss: 2.1e+01,  Dev Acc: 95.97%,  Time: 5:15:55 *
0.9938315121607332
Iter:    100,  Train Loss:   5.5,  Train Acc: 99.38%,  Dev Loss: 2.1e+01,  Dev Acc: 95.94%,  Time: 5:18:47 
Epoch [26/30]
0.9940241749286975
Iter:    101,  Train Loss:   6.1,  Train Acc: 99.40%,  Dev Loss: 2e+01,  Dev Acc: 95.98%,  Time: 5:23:01 *
0.993495709936341
Iter:    102,  Train Loss:   5.9,  Train Acc: 99.35%,  Dev Loss: 2e+01,  Dev Acc: 95.97%,  Time: 5:26:47 *
0.9915278575531303
Iter:    103,  Train Loss:   6.4,  Train Acc: 99.15%,  Dev Loss: 2e+01,  Dev Acc: 95.95%,  Time: 5:30:40 *
0.9920977011494253
Iter:    104,  Train Loss:   6.9,  Train Acc: 99.21%,  Dev Loss: 2.1e+01,  Dev Acc: 95.94%,  Time: 5:33:37 
Epoch [27/30]
0.9933708027093241
Iter:    105,  Train Loss:   5.5,  Train Acc: 99.34%,  Dev Loss: 2e+01,  Dev Acc: 95.94%,  Time: 5:36:20 
0.9936460727321887
Iter:    106,  Train Loss:   5.9,  Train Acc: 99.36%,  Dev Loss: 2.1e+01,  Dev Acc: 95.91%,  Time: 5:39:34 
0.9930149679258732
Iter:    107,  Train Loss:   6.4,  Train Acc: 99.30%,  Dev Loss: 2.1e+01,  Dev Acc: 95.90%,  Time: 5:43:04 
0.9922010398613518
Iter:    108,  Train Loss:   6.5,  Train Acc: 99.22%,  Dev Loss: 2.1e+01,  Dev Acc: 95.88%,  Time: 5:45:46 
Epoch [28/30]
0.993858179787828
Iter:    109,  Train Loss:   6.0,  Train Acc: 99.39%,  Dev Loss: 2.1e+01,  Dev Acc: 95.86%,  Time: 5:49:13 
0.9942607269745832
Iter:    110,  Train Loss:   6.2,  Train Acc: 99.43%,  Dev Loss: 2.1e+01,  Dev Acc: 95.85%,  Time: 5:52:21 
0.9924598093612178
Iter:    111,  Train Loss:   6.1,  Train Acc: 99.25%,  Dev Loss: 2.1e+01,  Dev Acc: 95.82%,  Time: 5:55:08 
0.9950089126559715
Iter:    112,  Train Loss:   5.4,  Train Acc: 99.50%,  Dev Loss: 2.1e+01,  Dev Acc: 95.81%,  Time: 5:57:14 
Epoch [29/30]
0.9921090387374462
Iter:    113,  Train Loss:   6.2,  Train Acc: 99.21%,  Dev Loss: 2.1e+01,  Dev Acc: 95.82%,  Time: 5:59:46 
0.9952960708356392
Iter:    114,  Train Loss:   5.5,  Train Acc: 99.53%,  Dev Loss: 2.1e+01,  Dev Acc: 95.83%,  Time: 6:03:01 
0.9937896965419901
Iter:    115,  Train Loss:   6.3,  Train Acc: 99.38%,  Dev Loss: 2.1e+01,  Dev Acc: 95.82%,  Time: 6:05:49 
0.9945186707776635
Iter:    116,  Train Loss:   5.1,  Train Acc: 99.45%,  Dev Loss: 2.1e+01,  Dev Acc: 95.84%,  Time: 6:07:57 
Epoch [30/30]
0.9945938640356805
Iter:    117,  Train Loss:   5.8,  Train Acc: 99.46%,  Dev Loss: 2.1e+01,  Dev Acc: 95.83%,  Time: 6:10:18 
0.9956078209124398
Iter:    118,  Train Loss:   5.1,  Train Acc: 99.56%,  Dev Loss: 2.1e+01,  Dev Acc: 95.83%,  Time: 6:13:23 
0.9919988569795685
Iter:    119,  Train Loss:   6.3,  Train Acc: 99.20%,  Dev Loss: 2.1e+01,  Dev Acc: 95.82%,  Time: 6:16:28 
0.992586054721977
Iter:    120,  Train Loss:   6.1,  Train Acc: 99.26%,  Dev Loss: 2.1e+01,  Dev Acc: 95.83%,  Time: 6:19:05 
Train_loss: [217.69036865234375, 105.48953247070312, 84.74919891357422, 54.134464263916016, 43.80450439453125, 35.149112701416016, 29.644372940063477, 34.13193893432617, 23.706714630126953, 24.352895736694336, 22.47913360595703, 18.356464385986328, 15.48281478881836, 14.945616722106934, 12.568790435791016, 10.681781768798828, 10.32559585571289, 8.793743133544922, 7.590682029724121, 8.170065879821777, 6.577353000640869, 6.018526554107666, 6.012742042541504, 7.139064311981201, 5.545074939727783, 6.916929244995117, 6.509617805480957, 5.391165733337402, 5.133432388305664, 6.059258937835693]
Train_acc: [0.6577340569877883, 0.7867078825347759, 0.7857020694373182, 0.8731951129211403, 0.901949860724234, 0.9301476976542137, 0.9412715517241379, 0.9318181818181818, 0.960216367126156, 0.9627875507442489, 0.9630430863529836, 0.9717076456719435, 0.9758357558139535, 0.972733469665985, 0.9778497188618164, 0.9776688453159041, 0.9833243679397525, 0.9864130434782609, 0.9882309672673777, 0.9883657516815124, 0.9912531539108494, 0.9936831022986489, 0.9943810658947727, 0.9917269906928645, 0.9938315121607332, 0.9920977011494253, 0.9922010398613518, 0.9950089126559715, 0.9945186707776635, 0.992586054721977]
Dev_loss: [161.6414031982422, 91.33638763427734, 64.76784896850586, 46.10266876220703, 40.73396682739258, 37.38811683654785, 35.70473098754883, 33.48051738739014, 31.584309577941895, 28.756765365600586, 28.73571014404297, 27.632500648498535, 25.484501838684082, 23.93812656402588, 22.890605926513672, 23.242159843444824, 21.685221672058105, 21.06776523590088, 20.996719360351562, 21.248069763183594, 21.147327423095703, 20.93876361846924, 21.177084922790527, 20.81496524810791, 20.690537452697754, 20.54686450958252, 20.720115661621094, 20.77840805053711, 20.87894916534424, 20.87740421295166]
Dev_acc: [0.7834002080546887, 0.7835488185465894, 0.8562936543319959, 0.8962698766532917, 0.9072670530539456, 0.919378808143855, 0.9184871451924506, 0.9321593104473176, 0.9407044137316094, 0.9423391291425175, 0.9418932976668153, 0.9453856442264824, 0.9476891068509437, 0.9492495170159013, 0.9482092435725962, 0.9513300639025115, 0.9575717045623421, 0.958983504235399, 0.9556397681676326, 0.9558626839054837, 0.9574973993163918, 0.9580175360380443, 0.9589091989894487, 0.9590578094813493, 0.9594293357111012, 0.9594293357111012, 0.9588348937434983, 0.9580918412839946, 0.9583890622677961, 0.9583147570218458]
Test Loss:1.5e+01, Test Acc:96.64%
Test Precision:0.8075801749271136, Test Recall:0.8483920367534457
Classification Report:
              precision    recall  f1-score   support

        EOS>       1.00      0.99      1.00       140
       Level       0.63      0.68      0.66       143
    Location       0.69      0.77      0.72       196
      START>       0.99      1.00      1.00       140
        Time       0.80      0.82      0.81        34

   micro avg       0.81      0.85      0.83       653
   macro avg       0.82      0.85      0.84       653
weighted avg       0.81      0.85      0.83       653

